<?xml version="1.0" encoding="UTF-8"?>
<!-- Generated by org.testng.reporters.JUnitXMLReporter -->
<testsuite hostname="Bender-ПК" name="Test B1" tests="1" failures="1" timestamp="23 Apr 2015 00:12:39 GMT" time="0.004" errors="0">
  <testcase name="testCase_B1" time="0.0" classname="com.qtpselenium.suiteCart.CheckTotal">
    <failure type="org.testng.TestNGException" message="
The data provider is trying to pass 0 parameters but the method com.qtpselenium.suiteCart.CheckTotal#testCase_B1 takes 4 and TestNG is unable in inject a suitable object">
      <![CDATA[org.testng.TestNGException: 
The data provider is trying to pass 0 parameters but the method com.qtpselenium.suiteCart.CheckTotal#testCase_B1 takes 4 and TestNG is unable in inject a suitable object
Caused by: java.lang.ArrayIndexOutOfBoundsException: 0
	... 18 more
... Removed 20 stack frames]]>
    </failure>
  </testcase> <!-- testCase_B1 -->
</testsuite> <!-- Test B1 -->
