<?xml version="1.0" encoding="UTF-8"?>
<!-- Generated by org.testng.reporters.JUnitXMLReporter -->
<testsuite hostname="Bender-ПК" name="CheckProductDisplay" tests="1" failures="0" timestamp="29 Apr 2015 05:49:18 GMT" time="0.0" errors="0">
  <testcase name="@BeforeTest checkTestSkipped" time="0.0" classname="com.qtpselenium.suiteShop.CheckProductDisplay">
    <skipped/>
  </testcase> <!-- @BeforeTest checkTestSkipped -->
  <testcase name="@AfterMethod setDataResult" time="0.0" classname="com.qtpselenium.suiteShop.CheckProductDisplay">
    <skipped/>
  </testcase> <!-- @AfterMethod setDataResult -->
  <testcase name="@AfterTest reportTestResult" time="0.0" classname="com.qtpselenium.suiteShop.CheckProductDisplay">
    <skipped/>
  </testcase> <!-- @AfterTest reportTestResult -->
  <testcase name="checkProductDisplay" time="0.0" classname="com.qtpselenium.suiteShop.CheckProductDisplay">
    <skipped/>
  </testcase> <!-- checkProductDisplay -->
</testsuite> <!-- CheckProductDisplay -->
