<?xml version="1.0" encoding="UTF-8"?>
<!-- Generated by org.testng.reporters.JUnitXMLReporter -->
<testsuite hostname="Bender-ПК" name="RandomSelection" tests="1" failures="1" timestamp="29 Apr 2015 05:49:18 GMT" time="0.01" errors="0">
  <testcase name="@BeforeTest checkTestSkipped" time="0.0" classname="com.qtpselenium.suiteShop.RandomSelection">
    <skipped/>
  </testcase> <!-- @BeforeTest checkTestSkipped -->
  <testcase name="@AfterTest reportTestResult" time="0.0" classname="com.qtpselenium.suiteShop.RandomSelection">
    <skipped/>
  </testcase> <!-- @AfterTest reportTestResult -->
  <testcase name="randomSelection" time="0.0" classname="com.qtpselenium.suiteShop.RandomSelection">
    <failure type="org.testng.TestNGException" message="
The data provider is trying to pass 0 parameters but the method com.qtpselenium.suiteShop.RandomSelection#randomSelection takes 3 and TestNG is unable in inject a suitable object">
      <![CDATA[org.testng.TestNGException: 
The data provider is trying to pass 0 parameters but the method com.qtpselenium.suiteShop.RandomSelection#randomSelection takes 3 and TestNG is unable in inject a suitable object
Caused by: java.lang.ArrayIndexOutOfBoundsException: 0
	... 17 more
... Removed 19 stack frames]]>
    </failure>
  </testcase> <!-- randomSelection -->
</testsuite> <!-- RandomSelection -->
