<?xml version="1.0" encoding="UTF-8"?>
<!-- Generated by org.testng.reporters.JUnitXMLReporter -->
<testsuite hostname="Bender-ПК" name="Test C2" tests="1" failures="0" timestamp="29 Apr 2015 05:49:22 GMT" time="0.0" errors="0">
  <testcase name="@BeforeTest checkTestSkipped" time="0.0" classname="com.qtpselenium.suiteProductDisplay.TestCase_C2">
    <skipped/>
  </testcase> <!-- @BeforeTest checkTestSkipped -->
  <testcase name="testCase_C2" time="0.0" classname="com.qtpselenium.suiteProductDisplay.TestCase_C2">
    <skipped/>
  </testcase> <!-- testCase_C2 -->
</testsuite> <!-- Test C2 -->
