<?xml version="1.0" encoding="UTF-8"?>
<testng-results skipped="2" failed="6" total="9" passed="1">
  <reporter-output>
  </reporter-output>
  <suite name="SuiteProductDisplay" duration-ms="30" started-at="2015-04-29T05:49:22Z" finished-at="2015-04-29T05:49:22Z">
    <groups>
    </groups>
    <test name="Test C1" duration-ms="10" started-at="2015-04-29T05:49:22Z" finished-at="2015-04-29T05:49:22Z">
      <class name="com.qtpselenium.suiteProductDisplay.TestCase_C1">
        <test-method status="SKIP" signature="checkTestSkipped()[pri:0, instance:com.qtpselenium.suiteProductDisplay.TestCase_C1@6cb00c4a]" name="checkTestSkipped" is-config="true" duration-ms="0" started-at="2015-04-28T22:49:22Z" finished-at="2015-04-28T22:49:22Z">
          <exception class="org.testng.SkipException">
            <message>
              <![CDATA[Skipping test case TestCase_C1 coz runmode is set to NO]]>
            </message>
            <full-stacktrace>
              <![CDATA[org.testng.SkipException: Skipping test case TestCase_C1 coz runmode is set to NO
	at com.qtpselenium.suiteProductDisplay.TestCase_C1.checkTestSkipped(TestCase_C1.java:17)
	at sun.reflect.NativeMethodAccessorImpl.invoke0(Native Method)
	at sun.reflect.NativeMethodAccessorImpl.invoke(NativeMethodAccessorImpl.java:57)
	at sun.reflect.DelegatingMethodAccessorImpl.invoke(DelegatingMethodAccessorImpl.java:43)
	at java.lang.reflect.Method.invoke(Method.java:606)
	at org.testng.internal.MethodInvocationHelper.invokeMethod(MethodInvocationHelper.java:84)
	at org.testng.internal.Invoker.invokeConfigurationMethod(Invoker.java:564)
	at org.testng.internal.Invoker.invokeConfigurations(Invoker.java:213)
	at org.testng.internal.Invoker.invokeConfigurations(Invoker.java:138)
	at org.testng.TestRunner.beforeRun(TestRunner.java:641)
	at org.testng.TestRunner.run(TestRunner.java:609)
	at org.testng.SuiteRunner.runTest(SuiteRunner.java:334)
	at org.testng.SuiteRunner.runSequentially(SuiteRunner.java:329)
	at org.testng.SuiteRunner.privateRun(SuiteRunner.java:291)
	at org.testng.SuiteRunner.run(SuiteRunner.java:240)
	at org.testng.SuiteRunnerWorker.runSuite(SuiteRunnerWorker.java:52)
	at org.testng.SuiteRunnerWorker.run(SuiteRunnerWorker.java:86)
	at org.testng.TestNG.runSuitesSequentially(TestNG.java:1224)
	at org.testng.TestNG.runSuitesSequentially(TestNG.java:1220)
	at org.testng.TestNG.runSuitesLocally(TestNG.java:1149)
	at org.testng.TestNG.run(TestNG.java:1057)
	at org.testng.TestNG.privateMain(TestNG.java:1364)
	at org.testng.TestNG.main(TestNG.java:1333)
]]>
            </full-stacktrace>
          </exception> <!-- org.testng.SkipException -->
          <reporter-output>
          </reporter-output>
        </test-method> <!-- checkTestSkipped -->
        <test-method status="FAIL" signature="testCase_C1()[pri:0, instance:com.qtpselenium.suiteProductDisplay.TestCase_C1@6cb00c4a]" name="testCase_C1" duration-ms="0" started-at="2015-04-28T22:49:22Z" data-provider="getTestData" finished-at="2015-04-28T22:49:22Z">
          <exception class="org.testng.TestNGException">
            <message>
              <![CDATA[
The data provider is trying to pass 4 parameters but the method com.qtpselenium.suiteProductDisplay.TestCase_C1#testCase_C1 takes 0]]>
            </message>
            <full-stacktrace>
              <![CDATA[org.testng.TestNGException: 
The data provider is trying to pass 4 parameters but the method com.qtpselenium.suiteProductDisplay.TestCase_C1#testCase_C1 takes 0
	at org.testng.internal.Invoker.injectParameters(Invoker.java:1337)
	at org.testng.internal.Invoker.invokeTestMethods(Invoker.java:1225)
	at org.testng.internal.TestMethodWorker.invokeTestMethods(TestMethodWorker.java:127)
	at org.testng.internal.TestMethodWorker.run(TestMethodWorker.java:111)
	at org.testng.TestRunner.privateRun(TestRunner.java:767)
	at org.testng.TestRunner.run(TestRunner.java:617)
	at org.testng.SuiteRunner.runTest(SuiteRunner.java:334)
	at org.testng.SuiteRunner.runSequentially(SuiteRunner.java:329)
	at org.testng.SuiteRunner.privateRun(SuiteRunner.java:291)
	at org.testng.SuiteRunner.run(SuiteRunner.java:240)
	at org.testng.SuiteRunnerWorker.runSuite(SuiteRunnerWorker.java:52)
	at org.testng.SuiteRunnerWorker.run(SuiteRunnerWorker.java:86)
	at org.testng.TestNG.runSuitesSequentially(TestNG.java:1224)
	at org.testng.TestNG.runSuitesSequentially(TestNG.java:1220)
	at org.testng.TestNG.runSuitesLocally(TestNG.java:1149)
	at org.testng.TestNG.run(TestNG.java:1057)
	at org.testng.TestNG.privateMain(TestNG.java:1364)
	at org.testng.TestNG.main(TestNG.java:1333)
]]>
            </full-stacktrace>
          </exception> <!-- org.testng.TestNGException -->
          <reporter-output>
          </reporter-output>
        </test-method> <!-- testCase_C1 -->
      </class> <!-- com.qtpselenium.suiteProductDisplay.TestCase_C1 -->
    </test> <!-- Test C1 -->
    <test name="Test C2" duration-ms="0" started-at="2015-04-29T05:49:22Z" finished-at="2015-04-29T05:49:22Z">
      <class name="com.qtpselenium.suiteProductDisplay.TestCase_C2">
        <test-method status="PASS" signature="checkSuiteSkipped()[pri:0, instance:com.qtpselenium.suiteProductDisplay.TestCase_C2@2b158f20]" name="checkSuiteSkipped" is-config="true" duration-ms="0" started-at="2015-04-28T22:49:22Z" finished-at="2015-04-28T22:49:22Z">
          <reporter-output>
          </reporter-output>
        </test-method> <!-- checkSuiteSkipped -->
        <test-method status="FAIL" signature="testCase_C2()[pri:0, instance:com.qtpselenium.suiteProductDisplay.TestCase_C2@2b158f20]" name="testCase_C2" duration-ms="0" started-at="2015-04-28T22:49:22Z" data-provider="getTestData" finished-at="2015-04-28T22:49:22Z">
          <exception class="org.testng.TestNGException">
            <message>
              <![CDATA[
Method public void com.qtpselenium.suiteProductDisplay.TestCase_C2.testCase_C2() requires a @DataProvider named : getTestData]]>
            </message>
            <full-stacktrace>
              <![CDATA[org.testng.TestNGException: 
Method public void com.qtpselenium.suiteProductDisplay.TestCase_C2.testCase_C2() requires a @DataProvider named : getTestData
	at org.testng.internal.Parameters.findDataProvider(Parameters.java:268)
	at org.testng.internal.Parameters.handleParameters(Parameters.java:417)
	at org.testng.internal.Invoker.handleParameters(Invoker.java:1383)
	at org.testng.internal.Invoker.createParameters(Invoker.java:1075)
	at org.testng.internal.Invoker.invokeTestMethods(Invoker.java:1180)
	at org.testng.internal.TestMethodWorker.invokeTestMethods(TestMethodWorker.java:127)
	at org.testng.internal.TestMethodWorker.run(TestMethodWorker.java:111)
	at org.testng.TestRunner.privateRun(TestRunner.java:767)
	at org.testng.TestRunner.run(TestRunner.java:617)
	at org.testng.SuiteRunner.runTest(SuiteRunner.java:334)
	at org.testng.SuiteRunner.runSequentially(SuiteRunner.java:329)
	at org.testng.SuiteRunner.privateRun(SuiteRunner.java:291)
	at org.testng.SuiteRunner.run(SuiteRunner.java:240)
	at org.testng.SuiteRunnerWorker.runSuite(SuiteRunnerWorker.java:52)
	at org.testng.SuiteRunnerWorker.run(SuiteRunnerWorker.java:86)
	at org.testng.TestNG.runSuitesSequentially(TestNG.java:1224)
	at org.testng.TestNG.runSuitesSequentially(TestNG.java:1220)
	at org.testng.TestNG.runSuitesLocally(TestNG.java:1149)
	at org.testng.TestNG.run(TestNG.java:1057)
	at org.testng.TestNG.privateMain(TestNG.java:1364)
	at org.testng.TestNG.main(TestNG.java:1333)
]]>
            </full-stacktrace>
          </exception> <!-- org.testng.TestNGException -->
          <reporter-output>
          </reporter-output>
        </test-method> <!-- testCase_C2 -->
        <test-method status="SKIP" signature="checkTestSkipped()[pri:0, instance:com.qtpselenium.suiteProductDisplay.TestCase_C2@2b158f20]" name="checkTestSkipped" is-config="true" duration-ms="0" started-at="2015-04-28T22:49:22Z" finished-at="2015-04-28T22:49:22Z">
          <exception class="org.testng.SkipException">
            <message>
              <![CDATA[Skipping test case TestCase_C2 coz runmode is set to NO]]>
            </message>
            <full-stacktrace>
              <![CDATA[org.testng.SkipException: Skipping test case TestCase_C2 coz runmode is set to NO
	at com.qtpselenium.suiteProductDisplay.TestCase_C2.checkTestSkipped(TestCase_C2.java:17)
	at sun.reflect.NativeMethodAccessorImpl.invoke0(Native Method)
	at sun.reflect.NativeMethodAccessorImpl.invoke(NativeMethodAccessorImpl.java:57)
	at sun.reflect.DelegatingMethodAccessorImpl.invoke(DelegatingMethodAccessorImpl.java:43)
	at java.lang.reflect.Method.invoke(Method.java:606)
	at org.testng.internal.MethodInvocationHelper.invokeMethod(MethodInvocationHelper.java:84)
	at org.testng.internal.Invoker.invokeConfigurationMethod(Invoker.java:564)
	at org.testng.internal.Invoker.invokeConfigurations(Invoker.java:213)
	at org.testng.internal.Invoker.invokeConfigurations(Invoker.java:138)
	at org.testng.TestRunner.beforeRun(TestRunner.java:641)
	at org.testng.TestRunner.run(TestRunner.java:609)
	at org.testng.SuiteRunner.runTest(SuiteRunner.java:334)
	at org.testng.SuiteRunner.runSequentially(SuiteRunner.java:329)
	at org.testng.SuiteRunner.privateRun(SuiteRunner.java:291)
	at org.testng.SuiteRunner.run(SuiteRunner.java:240)
	at org.testng.SuiteRunnerWorker.runSuite(SuiteRunnerWorker.java:52)
	at org.testng.SuiteRunnerWorker.run(SuiteRunnerWorker.java:86)
	at org.testng.TestNG.runSuitesSequentially(TestNG.java:1224)
	at org.testng.TestNG.runSuitesSequentially(TestNG.java:1220)
	at org.testng.TestNG.runSuitesLocally(TestNG.java:1149)
	at org.testng.TestNG.run(TestNG.java:1057)
	at org.testng.TestNG.privateMain(TestNG.java:1364)
	at org.testng.TestNG.main(TestNG.java:1333)
]]>
            </full-stacktrace>
          </exception> <!-- org.testng.SkipException -->
          <reporter-output>
          </reporter-output>
        </test-method> <!-- checkTestSkipped -->
      </class> <!-- com.qtpselenium.suiteProductDisplay.TestCase_C2 -->
    </test> <!-- Test C2 -->
  </suite> <!-- SuiteProductDisplay -->
  <suite name="SuiteShop" duration-ms="60680" started-at="2015-04-29T05:48:17Z" finished-at="2015-04-29T05:49:18Z">
    <groups>
    </groups>
    <test name="AddProductTest" duration-ms="60550" started-at="2015-04-29T05:48:17Z" finished-at="2015-04-29T05:49:17Z">
      <class name="com.qtpselenium.suiteShop.AddProductTest">
        <test-method status="PASS" signature="checkTestSkipped()[pri:0, instance:com.qtpselenium.suiteShop.AddProductTest@4b7bd154]" name="checkTestSkipped" is-config="true" duration-ms="0" started-at="2015-04-28T22:48:17Z" finished-at="2015-04-28T22:48:17Z">
          <reporter-output>
          </reporter-output>
        </test-method> <!-- checkTestSkipped -->
        <test-method status="FAIL" signature="addProductTest(java.lang.String, java.lang.String, java.lang.String, java.lang.String)[pri:0, instance:com.qtpselenium.suiteShop.AddProductTest@4b7bd154]" name="addProductTest" duration-ms="46228" started-at="2015-04-28T22:48:17Z" data-provider="getTestData" finished-at="2015-04-28T22:49:03Z">
          <params>
            <param index="0">
              <value>
                <![CDATA[Safety Helmet]]>
              </value>
            </param>
            <param index="1">
              <value>
                <![CDATA[]]>
              </value>
            </param>
            <param index="2">
              <value>
                <![CDATA[]]>
              </value>
            </param>
            <param index="3">
              <value>
                <![CDATA[2]]>
              </value>
            </param>
          </params>
          <exception class="java.lang.NullPointerException">
            <full-stacktrace>
              <![CDATA[java.lang.NullPointerException
	at com.qtpselenium.suiteShop.AddProductTest.addProductTest(AddProductTest.java:90)
	at sun.reflect.NativeMethodAccessorImpl.invoke0(Native Method)
	at sun.reflect.NativeMethodAccessorImpl.invoke(NativeMethodAccessorImpl.java:57)
	at sun.reflect.DelegatingMethodAccessorImpl.invoke(DelegatingMethodAccessorImpl.java:43)
	at java.lang.reflect.Method.invoke(Method.java:606)
	at org.testng.internal.MethodInvocationHelper.invokeMethod(MethodInvocationHelper.java:84)
	at org.testng.internal.Invoker.invokeMethod(Invoker.java:714)
	at org.testng.internal.Invoker.invokeTestMethod(Invoker.java:901)
	at org.testng.internal.Invoker.invokeTestMethods(Invoker.java:1231)
	at org.testng.internal.TestMethodWorker.invokeTestMethods(TestMethodWorker.java:127)
	at org.testng.internal.TestMethodWorker.run(TestMethodWorker.java:111)
	at org.testng.TestRunner.privateRun(TestRunner.java:767)
	at org.testng.TestRunner.run(TestRunner.java:617)
	at org.testng.SuiteRunner.runTest(SuiteRunner.java:334)
	at org.testng.SuiteRunner.runSequentially(SuiteRunner.java:329)
	at org.testng.SuiteRunner.privateRun(SuiteRunner.java:291)
	at org.testng.SuiteRunner.run(SuiteRunner.java:240)
	at org.testng.SuiteRunnerWorker.runSuite(SuiteRunnerWorker.java:52)
	at org.testng.SuiteRunnerWorker.run(SuiteRunnerWorker.java:86)
	at org.testng.TestNG.runSuitesSequentially(TestNG.java:1224)
	at org.testng.TestNG.runSuitesSequentially(TestNG.java:1220)
	at org.testng.TestNG.runSuitesLocally(TestNG.java:1149)
	at org.testng.TestNG.run(TestNG.java:1057)
	at org.testng.TestNG.privateMain(TestNG.java:1364)
	at org.testng.TestNG.main(TestNG.java:1333)
]]>
            </full-stacktrace>
          </exception> <!-- java.lang.NullPointerException -->
          <reporter-output>
          </reporter-output>
        </test-method> <!-- addProductTest -->
        <test-method status="PASS" signature="setDataResult()[pri:0, instance:com.qtpselenium.suiteShop.AddProductTest@4b7bd154]" name="setDataResult" is-config="true" duration-ms="2420" started-at="2015-04-28T22:49:03Z" finished-at="2015-04-28T22:49:06Z">
          <reporter-output>
          </reporter-output>
        </test-method> <!-- setDataResult -->
        <test-method status="FAIL" signature="addProductTest(java.lang.String, java.lang.String, java.lang.String, java.lang.String)[pri:0, instance:com.qtpselenium.suiteShop.AddProductTest@4b7bd154]" name="addProductTest" duration-ms="11482" started-at="2015-04-28T22:49:06Z" data-provider="getTestData" finished-at="2015-04-28T22:49:17Z">
          <params>
            <param index="0">
              <value>
                <![CDATA[Cowboy Hat]]>
              </value>
            </param>
            <param index="1">
              <value>
                <![CDATA[]]>
              </value>
            </param>
            <param index="2">
              <value>
                <![CDATA[]]>
              </value>
            </param>
            <param index="3">
              <value>
                <![CDATA[3]]>
              </value>
            </param>
          </params>
          <exception class="org.openqa.selenium.ElementNotVisibleException">
            <message>
              <![CDATA[Element is not currently visible and so may not be interacted with
Command duration or timeout: 5.11 seconds
Build info: version: '2.45.0', revision: '32a636c', time: '2015-03-05 22:01:35'
System info: host: 'Bender-ÏÊ', ip: '10.0.0.14', os.name: 'Windows 7', os.arch: 'amd64', os.version: '6.1', java.version: '1.7.0_60'
Session ID: 71f71b0a-007c-430f-a538-d907e16e8922
Driver info: org.openqa.selenium.firefox.FirefoxDriver
Capabilities [{platform=WINDOWS, acceptSslCerts=true, javascriptEnabled=true, cssSelectorsEnabled=true, databaseEnabled=true, browserName=firefox, handlesAlerts=true, nativeEvents=false, webStorageEnabled=true, rotatable=false, locationContextEnabled=true, applicationCacheEnabled=true, takesScreenshot=true, version=36.0.1}]]]>
            </message>
            <full-stacktrace>
              <![CDATA[org.openqa.selenium.ElementNotVisibleException: Element is not currently visible and so may not be interacted with
Command duration or timeout: 5.11 seconds
Build info: version: '2.45.0', revision: '32a636c', time: '2015-03-05 22:01:35'
System info: host: 'Bender-ÏÊ', ip: '10.0.0.14', os.name: 'Windows 7', os.arch: 'amd64', os.version: '6.1', java.version: '1.7.0_60'
Session ID: 71f71b0a-007c-430f-a538-d907e16e8922
Driver info: org.openqa.selenium.firefox.FirefoxDriver
Capabilities [{platform=WINDOWS, acceptSslCerts=true, javascriptEnabled=true, cssSelectorsEnabled=true, databaseEnabled=true, browserName=firefox, handlesAlerts=true, nativeEvents=false, webStorageEnabled=true, rotatable=false, locationContextEnabled=true, applicationCacheEnabled=true, takesScreenshot=true, version=36.0.1}]
	at sun.reflect.NativeConstructorAccessorImpl.newInstance0(Native Method)
	at sun.reflect.NativeConstructorAccessorImpl.newInstance(NativeConstructorAccessorImpl.java:57)
	at sun.reflect.DelegatingConstructorAccessorImpl.newInstance(DelegatingConstructorAccessorImpl.java:45)
	at java.lang.reflect.Constructor.newInstance(Constructor.java:526)
	at org.openqa.selenium.remote.ErrorHandler.createThrowable(ErrorHandler.java:204)
	at org.openqa.selenium.remote.ErrorHandler.throwIfResponseFailed(ErrorHandler.java:156)
	at org.openqa.selenium.remote.RemoteWebDriver.execute(RemoteWebDriver.java:599)
	at org.openqa.selenium.remote.RemoteWebElement.execute(RemoteWebElement.java:268)
	at org.openqa.selenium.remote.RemoteWebElement.sendKeys(RemoteWebElement.java:89)
	at com.qtpselenium.suiteShop.AddProductTest.addProductTest(AddProductTest.java:57)
	at sun.reflect.NativeMethodAccessorImpl.invoke0(Native Method)
	at sun.reflect.NativeMethodAccessorImpl.invoke(NativeMethodAccessorImpl.java:57)
	at sun.reflect.DelegatingMethodAccessorImpl.invoke(DelegatingMethodAccessorImpl.java:43)
	at java.lang.reflect.Method.invoke(Method.java:606)
	at org.testng.internal.MethodInvocationHelper.invokeMethod(MethodInvocationHelper.java:84)
	at org.testng.internal.Invoker.invokeMethod(Invoker.java:714)
	at org.testng.internal.Invoker.invokeTestMethod(Invoker.java:901)
	at org.testng.internal.Invoker.invokeTestMethods(Invoker.java:1231)
	at org.testng.internal.TestMethodWorker.invokeTestMethods(TestMethodWorker.java:127)
	at org.testng.internal.TestMethodWorker.run(TestMethodWorker.java:111)
	at org.testng.TestRunner.privateRun(TestRunner.java:767)
	at org.testng.TestRunner.run(TestRunner.java:617)
	at org.testng.SuiteRunner.runTest(SuiteRunner.java:334)
	at org.testng.SuiteRunner.runSequentially(SuiteRunner.java:329)
	at org.testng.SuiteRunner.privateRun(SuiteRunner.java:291)
	at org.testng.SuiteRunner.run(SuiteRunner.java:240)
	at org.testng.SuiteRunnerWorker.runSuite(SuiteRunnerWorker.java:52)
	at org.testng.SuiteRunnerWorker.run(SuiteRunnerWorker.java:86)
	at org.testng.TestNG.runSuitesSequentially(TestNG.java:1224)
	at org.testng.TestNG.runSuitesSequentially(TestNG.java:1220)
	at org.testng.TestNG.runSuitesLocally(TestNG.java:1149)
	at org.testng.TestNG.run(TestNG.java:1057)
	at org.testng.TestNG.privateMain(TestNG.java:1364)
	at org.testng.TestNG.main(TestNG.java:1333)
Caused by: org.openqa.selenium.ElementNotVisibleException: Element is not currently visible and so may not be interacted with
Build info: version: '2.45.0', revision: '32a636c', time: '2015-03-05 22:01:35'
System info: host: 'Bender-ÏÊ', ip: '10.0.0.14', os.name: 'Windows 7', os.arch: 'amd64', os.version: '6.1', java.version: '1.7.0_60'
Driver info: driver.version: unknown
	at <anonymous class>.fxdriver.preconditions.visible(file:///C:/Users/Bender/AppData/Local/Temp/anonymous7110525440679681748webdriver-profile/extensions/fxdriver@googlecode.com/components/command-processor.js:9587)
	at <anonymous class>.DelayedCommand.prototype.checkPreconditions_(file:///C:/Users/Bender/AppData/Local/Temp/anonymous7110525440679681748webdriver-profile/extensions/fxdriver@googlecode.com/components/command-processor.js:12257)
	at <anonymous class>.DelayedCommand.prototype.executeInternal_/h(file:///C:/Users/Bender/AppData/Local/Temp/anonymous7110525440679681748webdriver-profile/extensions/fxdriver@googlecode.com/components/command-processor.js:12274)
	at <anonymous class>.fxdriver.Timer.prototype.setTimeout/<.notify(file:///C:/Users/Bender/AppData/Local/Temp/anonymous7110525440679681748webdriver-profile/extensions/fxdriver@googlecode.com/components/command-processor.js:603)
]]>
            </full-stacktrace>
          </exception> <!-- org.openqa.selenium.ElementNotVisibleException -->
          <reporter-output>
          </reporter-output>
        </test-method> <!-- addProductTest -->
        <test-method status="PASS" signature="setDataResult()[pri:0, instance:com.qtpselenium.suiteShop.AddProductTest@4b7bd154]" name="setDataResult" is-config="true" duration-ms="120" started-at="2015-04-28T22:49:17Z" finished-at="2015-04-28T22:49:17Z">
          <reporter-output>
          </reporter-output>
        </test-method> <!-- setDataResult -->
        <test-method status="SKIP" signature="addProductTest(java.lang.String, java.lang.String, java.lang.String, java.lang.String)[pri:0, instance:com.qtpselenium.suiteShop.AddProductTest@4b7bd154]" name="addProductTest" duration-ms="0" started-at="2015-04-28T22:49:17Z" data-provider="getTestData" finished-at="2015-04-28T22:49:17Z">
          <params>
            <param index="0">
              <value>
                <![CDATA[]]>
              </value>
            </param>
            <param index="1">
              <value>
                <![CDATA[]]>
              </value>
            </param>
            <param index="2">
              <value>
                <![CDATA[]]>
              </value>
            </param>
            <param index="3">
              <value>
                <![CDATA[]]>
              </value>
            </param>
          </params>
          <exception class="org.testng.SkipException">
            <message>
              <![CDATA[Runmode for test is set to no  2]]>
            </message>
            <full-stacktrace>
              <![CDATA[org.testng.SkipException: Runmode for test is set to no  2
	at com.qtpselenium.suiteShop.AddProductTest.addProductTest(AddProductTest.java:43)
	at sun.reflect.NativeMethodAccessorImpl.invoke0(Native Method)
	at sun.reflect.NativeMethodAccessorImpl.invoke(NativeMethodAccessorImpl.java:57)
	at sun.reflect.DelegatingMethodAccessorImpl.invoke(DelegatingMethodAccessorImpl.java:43)
	at java.lang.reflect.Method.invoke(Method.java:606)
	at org.testng.internal.MethodInvocationHelper.invokeMethod(MethodInvocationHelper.java:84)
	at org.testng.internal.Invoker.invokeMethod(Invoker.java:714)
	at org.testng.internal.Invoker.invokeTestMethod(Invoker.java:901)
	at org.testng.internal.Invoker.invokeTestMethods(Invoker.java:1231)
	at org.testng.internal.TestMethodWorker.invokeTestMethods(TestMethodWorker.java:127)
	at org.testng.internal.TestMethodWorker.run(TestMethodWorker.java:111)
	at org.testng.TestRunner.privateRun(TestRunner.java:767)
	at org.testng.TestRunner.run(TestRunner.java:617)
	at org.testng.SuiteRunner.runTest(SuiteRunner.java:334)
	at org.testng.SuiteRunner.runSequentially(SuiteRunner.java:329)
	at org.testng.SuiteRunner.privateRun(SuiteRunner.java:291)
	at org.testng.SuiteRunner.run(SuiteRunner.java:240)
	at org.testng.SuiteRunnerWorker.runSuite(SuiteRunnerWorker.java:52)
	at org.testng.SuiteRunnerWorker.run(SuiteRunnerWorker.java:86)
	at org.testng.TestNG.runSuitesSequentially(TestNG.java:1224)
	at org.testng.TestNG.runSuitesSequentially(TestNG.java:1220)
	at org.testng.TestNG.runSuitesLocally(TestNG.java:1149)
	at org.testng.TestNG.run(TestNG.java:1057)
	at org.testng.TestNG.privateMain(TestNG.java:1364)
	at org.testng.TestNG.main(TestNG.java:1333)
]]>
            </full-stacktrace>
          </exception> <!-- org.testng.SkipException -->
          <reporter-output>
          </reporter-output>
        </test-method> <!-- addProductTest -->
        <test-method status="PASS" signature="setDataResult()[pri:0, instance:com.qtpselenium.suiteShop.AddProductTest@4b7bd154]" name="setDataResult" is-config="true" duration-ms="150" started-at="2015-04-28T22:49:17Z" finished-at="2015-04-28T22:49:17Z">
          <reporter-output>
          </reporter-output>
        </test-method> <!-- setDataResult -->
        <test-method status="PASS" signature="reportTestResult()[pri:0, instance:com.qtpselenium.suiteShop.AddProductTest@4b7bd154]" name="reportTestResult" is-config="true" duration-ms="110" started-at="2015-04-28T22:49:17Z" finished-at="2015-04-28T22:49:17Z">
          <reporter-output>
          </reporter-output>
        </test-method> <!-- reportTestResult -->
      </class> <!-- com.qtpselenium.suiteShop.AddProductTest -->
    </test> <!-- AddProductTest -->
    <test name="CheckProductDisplay" duration-ms="0" started-at="2015-04-29T05:49:18Z" finished-at="2015-04-29T05:49:18Z">
      <class name="com.qtpselenium.suiteShop.CheckProductDisplay">
        <test-method status="SKIP" signature="checkTestSkipped()[pri:0, instance:com.qtpselenium.suiteShop.CheckProductDisplay@4ad3727e]" name="checkTestSkipped" is-config="true" duration-ms="0" started-at="2015-04-28T22:49:18Z" finished-at="2015-04-28T22:49:18Z">
          <exception class="org.testng.SkipException">
            <message>
              <![CDATA[Skipping test case CheckProductDisplay coz runmode is set to NO]]>
            </message>
            <full-stacktrace>
              <![CDATA[org.testng.SkipException: Skipping test case CheckProductDisplay coz runmode is set to NO
	at com.qtpselenium.suiteShop.CheckProductDisplay.checkTestSkipped(CheckProductDisplay.java:34)
	at sun.reflect.NativeMethodAccessorImpl.invoke0(Native Method)
	at sun.reflect.NativeMethodAccessorImpl.invoke(NativeMethodAccessorImpl.java:57)
	at sun.reflect.DelegatingMethodAccessorImpl.invoke(DelegatingMethodAccessorImpl.java:43)
	at java.lang.reflect.Method.invoke(Method.java:606)
	at org.testng.internal.MethodInvocationHelper.invokeMethod(MethodInvocationHelper.java:84)
	at org.testng.internal.Invoker.invokeConfigurationMethod(Invoker.java:564)
	at org.testng.internal.Invoker.invokeConfigurations(Invoker.java:213)
	at org.testng.internal.Invoker.invokeConfigurations(Invoker.java:138)
	at org.testng.TestRunner.beforeRun(TestRunner.java:641)
	at org.testng.TestRunner.run(TestRunner.java:609)
	at org.testng.SuiteRunner.runTest(SuiteRunner.java:334)
	at org.testng.SuiteRunner.runSequentially(SuiteRunner.java:329)
	at org.testng.SuiteRunner.privateRun(SuiteRunner.java:291)
	at org.testng.SuiteRunner.run(SuiteRunner.java:240)
	at org.testng.SuiteRunnerWorker.runSuite(SuiteRunnerWorker.java:52)
	at org.testng.SuiteRunnerWorker.run(SuiteRunnerWorker.java:86)
	at org.testng.TestNG.runSuitesSequentially(TestNG.java:1224)
	at org.testng.TestNG.runSuitesSequentially(TestNG.java:1220)
	at org.testng.TestNG.runSuitesLocally(TestNG.java:1149)
	at org.testng.TestNG.run(TestNG.java:1057)
	at org.testng.TestNG.privateMain(TestNG.java:1364)
	at org.testng.TestNG.main(TestNG.java:1333)
]]>
            </full-stacktrace>
          </exception> <!-- org.testng.SkipException -->
          <reporter-output>
          </reporter-output>
        </test-method> <!-- checkTestSkipped -->
        <test-method status="SKIP" signature="setDataResult()[pri:0, instance:com.qtpselenium.suiteShop.CheckProductDisplay@4ad3727e]" name="setDataResult" is-config="true" duration-ms="0" started-at="2015-04-28T22:49:18Z" finished-at="2015-04-28T22:49:18Z">
          <reporter-output>
          </reporter-output>
        </test-method> <!-- setDataResult -->
        <test-method status="SKIP" signature="checkProductDisplay()[pri:0, instance:com.qtpselenium.suiteShop.CheckProductDisplay@4ad3727e]" name="checkProductDisplay" duration-ms="0" started-at="2015-04-28T22:49:18Z" finished-at="2015-04-28T22:49:18Z">
          <reporter-output>
          </reporter-output>
        </test-method> <!-- checkProductDisplay -->
        <test-method status="SKIP" signature="reportTestResult()[pri:0, instance:com.qtpselenium.suiteShop.CheckProductDisplay@4ad3727e]" name="reportTestResult" is-config="true" duration-ms="0" started-at="2015-04-28T22:49:18Z" finished-at="2015-04-28T22:49:18Z">
          <reporter-output>
          </reporter-output>
        </test-method> <!-- reportTestResult -->
      </class> <!-- com.qtpselenium.suiteShop.CheckProductDisplay -->
    </test> <!-- CheckProductDisplay -->
    <test name="RandomSelection" duration-ms="10" started-at="2015-04-29T05:49:18Z" finished-at="2015-04-29T05:49:18Z">
      <class name="com.qtpselenium.suiteShop.RandomSelection">
        <test-method status="PASS" signature="checkSuiteSkipped()[pri:0, instance:com.qtpselenium.suiteShop.RandomSelection@1fe5a771]" name="checkSuiteSkipped" is-config="true" duration-ms="1970" started-at="2015-04-28T22:48:15Z" finished-at="2015-04-28T22:48:17Z">
          <reporter-output>
          </reporter-output>
        </test-method> <!-- checkSuiteSkipped -->
        <test-method status="SKIP" signature="checkTestSkipped()[pri:0, instance:com.qtpselenium.suiteShop.RandomSelection@1fe5a771]" name="checkTestSkipped" is-config="true" duration-ms="0" started-at="2015-04-28T22:49:18Z" finished-at="2015-04-28T22:49:18Z">
          <exception class="org.testng.SkipException">
            <message>
              <![CDATA[Skipping test case RandomSelection coz runmode is set to NO]]>
            </message>
            <full-stacktrace>
              <![CDATA[org.testng.SkipException: Skipping test case RandomSelection coz runmode is set to NO
	at com.qtpselenium.suiteShop.RandomSelection.checkTestSkipped(RandomSelection.java:26)
	at sun.reflect.NativeMethodAccessorImpl.invoke0(Native Method)
	at sun.reflect.NativeMethodAccessorImpl.invoke(NativeMethodAccessorImpl.java:57)
	at sun.reflect.DelegatingMethodAccessorImpl.invoke(DelegatingMethodAccessorImpl.java:43)
	at java.lang.reflect.Method.invoke(Method.java:606)
	at org.testng.internal.MethodInvocationHelper.invokeMethod(MethodInvocationHelper.java:84)
	at org.testng.internal.Invoker.invokeConfigurationMethod(Invoker.java:564)
	at org.testng.internal.Invoker.invokeConfigurations(Invoker.java:213)
	at org.testng.internal.Invoker.invokeConfigurations(Invoker.java:138)
	at org.testng.TestRunner.beforeRun(TestRunner.java:641)
	at org.testng.TestRunner.run(TestRunner.java:609)
	at org.testng.SuiteRunner.runTest(SuiteRunner.java:334)
	at org.testng.SuiteRunner.runSequentially(SuiteRunner.java:329)
	at org.testng.SuiteRunner.privateRun(SuiteRunner.java:291)
	at org.testng.SuiteRunner.run(SuiteRunner.java:240)
	at org.testng.SuiteRunnerWorker.runSuite(SuiteRunnerWorker.java:52)
	at org.testng.SuiteRunnerWorker.run(SuiteRunnerWorker.java:86)
	at org.testng.TestNG.runSuitesSequentially(TestNG.java:1224)
	at org.testng.TestNG.runSuitesSequentially(TestNG.java:1220)
	at org.testng.TestNG.runSuitesLocally(TestNG.java:1149)
	at org.testng.TestNG.run(TestNG.java:1057)
	at org.testng.TestNG.privateMain(TestNG.java:1364)
	at org.testng.TestNG.main(TestNG.java:1333)
]]>
            </full-stacktrace>
          </exception> <!-- org.testng.SkipException -->
          <reporter-output>
          </reporter-output>
        </test-method> <!-- checkTestSkipped -->
        <test-method status="SKIP" signature="reportTestResult()[pri:0, instance:com.qtpselenium.suiteShop.RandomSelection@1fe5a771]" name="reportTestResult" is-config="true" duration-ms="0" started-at="2015-04-28T22:49:18Z" finished-at="2015-04-28T22:49:18Z">
          <reporter-output>
          </reporter-output>
        </test-method> <!-- reportTestResult -->
        <test-method status="FAIL" signature="randomSelection(java.lang.String, java.lang.String, java.lang.String)[pri:0, instance:com.qtpselenium.suiteShop.RandomSelection@1fe5a771]" name="randomSelection" duration-ms="0" started-at="2015-04-28T22:49:18Z" data-provider="getTestData" finished-at="2015-04-28T22:49:18Z">
          <exception class="org.testng.TestNGException">
            <message>
              <![CDATA[
The data provider is trying to pass 0 parameters but the method com.qtpselenium.suiteShop.RandomSelection#randomSelection takes 3 and TestNG is unable in inject a suitable object]]>
            </message>
            <full-stacktrace>
              <![CDATA[org.testng.TestNGException: 
The data provider is trying to pass 0 parameters but the method com.qtpselenium.suiteShop.RandomSelection#randomSelection takes 3 and TestNG is unable in inject a suitable object
	at org.testng.internal.Invoker.injectParameters(Invoker.java:1361)
	at org.testng.internal.Invoker.invokeTestMethods(Invoker.java:1225)
	at org.testng.internal.TestMethodWorker.invokeTestMethods(TestMethodWorker.java:127)
	at org.testng.internal.TestMethodWorker.run(TestMethodWorker.java:111)
	at org.testng.TestRunner.privateRun(TestRunner.java:767)
	at org.testng.TestRunner.run(TestRunner.java:617)
	at org.testng.SuiteRunner.runTest(SuiteRunner.java:334)
	at org.testng.SuiteRunner.runSequentially(SuiteRunner.java:329)
	at org.testng.SuiteRunner.privateRun(SuiteRunner.java:291)
	at org.testng.SuiteRunner.run(SuiteRunner.java:240)
	at org.testng.SuiteRunnerWorker.runSuite(SuiteRunnerWorker.java:52)
	at org.testng.SuiteRunnerWorker.run(SuiteRunnerWorker.java:86)
	at org.testng.TestNG.runSuitesSequentially(TestNG.java:1224)
	at org.testng.TestNG.runSuitesSequentially(TestNG.java:1220)
	at org.testng.TestNG.runSuitesLocally(TestNG.java:1149)
	at org.testng.TestNG.run(TestNG.java:1057)
	at org.testng.TestNG.privateMain(TestNG.java:1364)
	at org.testng.TestNG.main(TestNG.java:1333)
Caused by: java.lang.ArrayIndexOutOfBoundsException: 0
	at org.testng.internal.Invoker.injectParameters(Invoker.java:1359)
	... 17 more
]]>
            </full-stacktrace>
          </exception> <!-- org.testng.TestNGException -->
          <reporter-output>
          </reporter-output>
        </test-method> <!-- randomSelection -->
      </class> <!-- com.qtpselenium.suiteShop.RandomSelection -->
    </test> <!-- RandomSelection -->
  </suite> <!-- SuiteShop -->
  <suite name="SuiteCart" duration-ms="4552" started-at="2015-04-29T05:49:18Z" finished-at="2015-04-29T05:49:22Z">
    <groups>
    </groups>
    <test name="CheckTotal" duration-ms="4522" started-at="2015-04-29T05:49:18Z" finished-at="2015-04-29T05:49:22Z">
      <class name="com.qtpselenium.suiteCart.CheckTotal">
        <test-method status="PASS" signature="CheckTotal()[pri:0, instance:com.qtpselenium.suiteCart.CheckTotal@395b1bc2]" name="CheckTotal" duration-ms="4332" started-at="2015-04-28T22:49:18Z" finished-at="2015-04-28T22:49:22Z">
          <reporter-output>
          </reporter-output>
        </test-method> <!-- CheckTotal -->
        <test-method status="PASS" signature="checkTestSkipped()[pri:0, instance:com.qtpselenium.suiteCart.CheckTotal@395b1bc2]" name="checkTestSkipped" is-config="true" duration-ms="0" started-at="2015-04-28T22:49:18Z" finished-at="2015-04-28T22:49:18Z">
          <reporter-output>
          </reporter-output>
        </test-method> <!-- checkTestSkipped -->
        <test-method status="PASS" signature="setDataResult()[pri:0, instance:com.qtpselenium.suiteCart.CheckTotal@395b1bc2]" name="setDataResult" is-config="true" duration-ms="80" started-at="2015-04-28T22:49:22Z" finished-at="2015-04-28T22:49:22Z">
          <reporter-output>
          </reporter-output>
        </test-method> <!-- setDataResult -->
        <test-method status="PASS" signature="reportTestResult()[pri:0, instance:com.qtpselenium.suiteCart.CheckTotal@395b1bc2]" name="reportTestResult" is-config="true" duration-ms="110" started-at="2015-04-28T22:49:22Z" finished-at="2015-04-28T22:49:22Z">
          <reporter-output>
          </reporter-output>
        </test-method> <!-- reportTestResult -->
      </class> <!-- com.qtpselenium.suiteCart.CheckTotal -->
    </test> <!-- CheckTotal -->
    <test name="Test B2" duration-ms="10" started-at="2015-04-29T05:49:22Z" finished-at="2015-04-29T05:49:22Z">
      <class name="com.qtpselenium.suiteCart.TestCase_B2">
        <test-method status="PASS" signature="checkSuiteSkipped()[pri:0, instance:com.qtpselenium.suiteCart.TestCase_B2@43d9349c]" name="checkSuiteSkipped" is-config="true" duration-ms="0" started-at="2015-04-28T22:49:18Z" finished-at="2015-04-28T22:49:18Z">
          <reporter-output>
          </reporter-output>
        </test-method> <!-- checkSuiteSkipped -->
        <test-method status="SKIP" signature="checkTestSkipped()[pri:0, instance:com.qtpselenium.suiteCart.TestCase_B2@43d9349c]" name="checkTestSkipped" is-config="true" duration-ms="0" started-at="2015-04-28T22:49:22Z" finished-at="2015-04-28T22:49:22Z">
          <exception class="org.testng.SkipException">
            <message>
              <![CDATA[Skipping test case TestCase_B2 coz runmode is set to NO]]>
            </message>
            <full-stacktrace>
              <![CDATA[org.testng.SkipException: Skipping test case TestCase_B2 coz runmode is set to NO
	at com.qtpselenium.suiteCart.TestCase_B2.checkTestSkipped(TestCase_B2.java:17)
	at sun.reflect.NativeMethodAccessorImpl.invoke0(Native Method)
	at sun.reflect.NativeMethodAccessorImpl.invoke(NativeMethodAccessorImpl.java:57)
	at sun.reflect.DelegatingMethodAccessorImpl.invoke(DelegatingMethodAccessorImpl.java:43)
	at java.lang.reflect.Method.invoke(Method.java:606)
	at org.testng.internal.MethodInvocationHelper.invokeMethod(MethodInvocationHelper.java:84)
	at org.testng.internal.Invoker.invokeConfigurationMethod(Invoker.java:564)
	at org.testng.internal.Invoker.invokeConfigurations(Invoker.java:213)
	at org.testng.internal.Invoker.invokeConfigurations(Invoker.java:138)
	at org.testng.TestRunner.beforeRun(TestRunner.java:641)
	at org.testng.TestRunner.run(TestRunner.java:609)
	at org.testng.SuiteRunner.runTest(SuiteRunner.java:334)
	at org.testng.SuiteRunner.runSequentially(SuiteRunner.java:329)
	at org.testng.SuiteRunner.privateRun(SuiteRunner.java:291)
	at org.testng.SuiteRunner.run(SuiteRunner.java:240)
	at org.testng.SuiteRunnerWorker.runSuite(SuiteRunnerWorker.java:52)
	at org.testng.SuiteRunnerWorker.run(SuiteRunnerWorker.java:86)
	at org.testng.TestNG.runSuitesSequentially(TestNG.java:1224)
	at org.testng.TestNG.runSuitesSequentially(TestNG.java:1220)
	at org.testng.TestNG.runSuitesLocally(TestNG.java:1149)
	at org.testng.TestNG.run(TestNG.java:1057)
	at org.testng.TestNG.privateMain(TestNG.java:1364)
	at org.testng.TestNG.main(TestNG.java:1333)
]]>
            </full-stacktrace>
          </exception> <!-- org.testng.SkipException -->
          <reporter-output>
          </reporter-output>
        </test-method> <!-- checkTestSkipped -->
        <test-method status="FAIL" signature="testCase_B2()[pri:0, instance:com.qtpselenium.suiteCart.TestCase_B2@43d9349c]" name="testCase_B2" duration-ms="0" started-at="2015-04-28T22:49:22Z" data-provider="getTestData" finished-at="2015-04-28T22:49:22Z">
          <exception class="org.testng.TestNGException">
            <message>
              <![CDATA[
The data provider is trying to pass 4 parameters but the method com.qtpselenium.suiteCart.TestCase_B2#testCase_B2 takes 0]]>
            </message>
            <full-stacktrace>
              <![CDATA[org.testng.TestNGException: 
The data provider is trying to pass 4 parameters but the method com.qtpselenium.suiteCart.TestCase_B2#testCase_B2 takes 0
	at org.testng.internal.Invoker.injectParameters(Invoker.java:1337)
	at org.testng.internal.Invoker.invokeTestMethods(Invoker.java:1225)
	at org.testng.internal.TestMethodWorker.invokeTestMethods(TestMethodWorker.java:127)
	at org.testng.internal.TestMethodWorker.run(TestMethodWorker.java:111)
	at org.testng.TestRunner.privateRun(TestRunner.java:767)
	at org.testng.TestRunner.run(TestRunner.java:617)
	at org.testng.SuiteRunner.runTest(SuiteRunner.java:334)
	at org.testng.SuiteRunner.runSequentially(SuiteRunner.java:329)
	at org.testng.SuiteRunner.privateRun(SuiteRunner.java:291)
	at org.testng.SuiteRunner.run(SuiteRunner.java:240)
	at org.testng.SuiteRunnerWorker.runSuite(SuiteRunnerWorker.java:52)
	at org.testng.SuiteRunnerWorker.run(SuiteRunnerWorker.java:86)
	at org.testng.TestNG.runSuitesSequentially(TestNG.java:1224)
	at org.testng.TestNG.runSuitesSequentially(TestNG.java:1220)
	at org.testng.TestNG.runSuitesLocally(TestNG.java:1149)
	at org.testng.TestNG.run(TestNG.java:1057)
	at org.testng.TestNG.privateMain(TestNG.java:1364)
	at org.testng.TestNG.main(TestNG.java:1333)
]]>
            </full-stacktrace>
          </exception> <!-- org.testng.TestNGException -->
          <reporter-output>
          </reporter-output>
        </test-method> <!-- testCase_B2 -->
      </class> <!-- com.qtpselenium.suiteCart.TestCase_B2 -->
    </test> <!-- Test B2 -->
  </suite> <!-- SuiteCart -->
  <suite name="My suite" duration-ms="0" started-at="2015-04-29T05:49:22Z" finished-at="2015-04-29T05:49:22Z">
    <groups>
    </groups>
  </suite> <!-- My suite -->
</testng-results>
